<?xml version="1.0" encoding="UTF-8"?>
<!-- Generated by org.testng.reporters.JUnitReportReporter -->
<testsuite hostname="lebathien-IdeaPad-5-Pro-14ACN6" failures="0" tests="1" name="org.web.automation.testcases.TC_004_Registration_Button_Link" time="3.855" errors="0" timestamp="5 Jun 2022 10:16:38 GMT">
  <testcase classname="org.web.automation.testcases.TC_004_Registration_Button_Link" name="tc001" time="3.855"/>
</testsuite> <!-- org.web.automation.testcases.TC_004_Registration_Button_Link -->
