<?xml version="1.0" encoding="UTF-8"?>
<!-- Generated by org.testng.reporters.JUnitReportReporter -->
<testsuite hostname="lebathien-IdeaPad-5-Pro-14ACN6" failures="0" tests="1" name="org.web.automation.testcases.TC_009_Facebook_Login_Keyboard_Multiple" time="5.022" errors="0" timestamp="5 Jun 2022 12:05:06 GMT">
  <testcase classname="org.web.automation.testcases.TC_009_Facebook_Login_Keyboard_Multiple" name="tc001" time="5.022"/>
</testsuite> <!-- org.web.automation.testcases.TC_009_Facebook_Login_Keyboard_Multiple -->
