<?xml version="1.0" encoding="UTF-8"?>
<!-- Generated by org.testng.reporters.JUnitReportReporter -->
<testsuite hostname="lebathien-IdeaPad-5-Pro-14ACN6" failures="0" tests="1" name="org.web.automation.testcases.TC_011_Mouse_Move_ToElement" time="29.759" errors="0" timestamp="5 Jun 2022 14:52:27 GMT">
  <testcase classname="org.web.automation.testcases.TC_011_Mouse_Move_ToElement" name="tc001" time="29.759"/>
</testsuite> <!-- org.web.automation.testcases.TC_011_Mouse_Move_ToElement -->
