<?xml version="1.0" encoding="UTF-8"?>
<!-- Generated by org.testng.reporters.JUnitReportReporter -->
<testsuite hostname="lebathien-IdeaPad-5-Pro-14ACN6" failures="0" tests="1" name="org.web.automation.testcases.TC_013_Registration_DropDown_List" time="10.289" errors="0" timestamp="5 Jun 2022 15:05:15 GMT">
  <testcase classname="org.web.automation.testcases.TC_013_Registration_DropDown_List" name="tc001" time="10.289"/>
</testsuite> <!-- org.web.automation.testcases.TC_013_Registration_DropDown_List -->
