<?xml version="1.0" encoding="UTF-8"?>
<!-- Generated by org.testng.reporters.JUnitReportReporter -->
<testsuite hostname="lebathien-IdeaPad-5-Pro-14ACN6" failures="0" tests="1" name="org.web.automation.testcases.TC_008_Facebook_Login_Keyboard_Single" time="1.876" errors="0" timestamp="5 Jun 2022 12:03:54 GMT">
  <testcase classname="org.web.automation.testcases.TC_008_Facebook_Login_Keyboard_Single" name="tc001" time="1.876"/>
</testsuite> <!-- org.web.automation.testcases.TC_008_Facebook_Login_Keyboard_Single -->
