<?xml version="1.0" encoding="UTF-8"?>
<!-- Generated by org.testng.reporters.JUnitReportReporter -->
<testsuite hostname="LAPTOP-7S7K48R8" name="org.web.automation.testcases.TC_010_Facebook_Mouse_Operations" tests="1" failures="0" timestamp="17 May 2020 11:51:12 GMT" time="9.663" errors="0">
  <testcase name="tc001" time="9.663" classname="org.web.automation.testcases.TC_010_Facebook_Mouse_Operations"/>
</testsuite> <!-- org.web.automation.testcases.TC_010_Facebook_Mouse_Operations -->
