<?xml version="1.0" encoding="UTF-8"?>
<!-- Generated by org.testng.reporters.JUnitReportReporter -->
<testsuite hostname="lebathien-IdeaPad-5-Pro-14ACN6" failures="0" tests="1" name="org.web.automation.testcases.TC_007_Registration_FetchData_FromBrowser" time="3.368" errors="0" timestamp="8 Jun 2022 03:50:15 GMT">
  <testcase classname="org.web.automation.testcases.TC_007_Registration_FetchData_FromBrowser" name="tc001" time="3.368"/>
</testsuite> <!-- org.web.automation.testcases.TC_007_Registration_FetchData_FromBrowser -->
