<?xml version="1.0" encoding="UTF-8"?>
<!-- Generated by org.testng.reporters.JUnitReportReporter -->
<testsuite hostname="lebathien-IdeaPad-5-Pro-14ACN6" failures="0" tests="1" name="org.web.automation.testcases.TC_005_Registration_Radio_Checkbox" time="3.057" errors="0" timestamp="5 Jun 2022 10:18:11 GMT">
  <testcase classname="org.web.automation.testcases.TC_005_Registration_Radio_Checkbox" name="tc001" time="3.057"/>
</testsuite> <!-- org.web.automation.testcases.TC_005_Registration_Radio_Checkbox -->
