<?xml version="1.0" encoding="UTF-8"?>
<!-- Generated by org.testng.reporters.JUnitReportReporter -->
<testsuite hostname="lebathien-IdeaPad-5-Pro-14ACN6" failures="0" tests="1" name="org.web.automation.testcases.TC_006_Registration_DropDown_List" time="5.991" errors="0" timestamp="5 Jun 2022 11:08:07 GMT">
  <testcase classname="org.web.automation.testcases.TC_006_Registration_DropDown_List" name="tc001" time="5.991"/>
</testsuite> <!-- org.web.automation.testcases.TC_006_Registration_DropDown_List -->
