<?xml version="1.0" encoding="UTF-8"?>
<!-- Generated by org.testng.reporters.JUnitReportReporter -->
<testsuite hostname="lebathien-IdeaPad-5-Pro-14ACN6" failures="0" tests="1" name="org.web.automation.testcases.TC_003_Registration_TextBoxes" time="3.104" errors="0" timestamp="5 Jun 2022 09:33:58 GMT">
  <testcase classname="org.web.automation.testcases.TC_003_Registration_TextBoxes" name="tc001" time="3.104"/>
</testsuite> <!-- org.web.automation.testcases.TC_003_Registration_TextBoxes -->
